  main.cpp
D:\workspace\atti\src\main.hpp(36,64): warning C4244: 'return': conversion from 'const T' to 'int', possible loss of data
          with
          [
              T=float
          ]
D:\workspace\atti\src\pages\Card.hpp(97,23): warning C4244: 'initializing': conversion from 'T' to 'int', possible loss of data
          with
          [
              T=float
          ]
D:\workspace\atti\src\pages\SecondsParticle.hpp(27,31): warning C4244: 'argument': conversion from 'int' to 'float', possible loss of data
D:\workspace\atti\src\pages\SecondsParticle.hpp(27,28): warning C4244: 'argument': conversion from 'int' to 'float', possible loss of data
D:\workspace\atti\src\pages\TrovaLaFrase.hpp(46,26): warning C4244: 'initializing': conversion from 'float' to 'int', possible loss of data
D:\workspace\atti\src\pages\TrovaLaFrase.hpp(74,59): warning C4244: 'argument': conversion from 'T' to 'float', possible loss of data
          with
          [
              T=int
          ]
D:\workspace\atti\src\pages\TrovaLaFrase.hpp(74,46): warning C4244: 'argument': conversion from 'T' to 'float', possible loss of data
          with
          [
              T=int
          ]
D:\workspace\atti\src\main.cpp(50,77): warning C4244: 'argument': conversion from 'unsigned int' to 'T', possible loss of data
          with
          [
              T=float
          ]
D:\workspace\atti\src\main.cpp(50,59): warning C4244: 'argument': conversion from 'unsigned int' to 'T', possible loss of data
          with
          [
              T=float
          ]
  pages.cpp
D:\workspace\atti\src\main.hpp(36,64): warning C4244: 'return': conversion from 'const T' to 'int', possible loss of data
          with
          [
              T=float
          ]
D:\workspace\atti\src\pages\Card.hpp(97,23): warning C4244: 'initializing': conversion from 'T' to 'int', possible loss of data
          with
          [
              T=float
          ]
D:\workspace\atti\src\pages\SecondsParticle.hpp(27,31): warning C4244: 'argument': conversion from 'int' to 'float', possible loss of data
D:\workspace\atti\src\pages\SecondsParticle.hpp(27,28): warning C4244: 'argument': conversion from 'int' to 'float', possible loss of data
  Generating code
  Previous IPDB not found, fall back to full compilation.
  All 486 functions were compiled because no usable IPDB/IOBJ from previous compilation was found.
  Finished generating code
  atti.vcxproj -> D:\workspace\atti\x64\Release___Dynamic\atti.exe
