  Building Custom Rule D:/workspace/atti/lib/sfml/src/SFML/System/CMakeLists.txt
  Clock.cpp
  Err.cpp
  Lock.cpp
  Mutex.cpp
  Sleep.cpp
  String.cpp
  Thread.cpp
  ThreadLocal.cpp
  Time.cpp
  FileInputStream.cpp
  MemoryInputStream.cpp
  ClockImpl.cpp
D:\workspace\atti\lib\sfml\src\SFML\System\Win32\ClockImpl.cpp(46,35): warning C4996: 'GetVersion': was declared deprecated
  MutexImpl.cpp
  SleepImpl.cpp
  ThreadImpl.cpp
  ThreadLocalImpl.cpp
  Generating Code...
  sfml-system.vcxproj -> D:\workspace\atti\lib\sfml\build-windows-static\lib\Release\sfml-system-s.lib
