  Building Custom Rule D:/workspace/atti/lib/sfml/src/SFML/Audio/CMakeLists.txt
  ALCheck.cpp
  AlResource.cpp
  AudioDevice.cpp
  Listener.cpp
  Music.cpp
  Sound.cpp
  SoundBuffer.cpp
  SoundBufferRecorder.cpp
  InputSoundFile.cpp
  OutputSoundFile.cpp
  SoundRecorder.cpp
  SoundSource.cpp
  SoundStream.cpp
  SoundFileFactory.cpp
  SoundFileReaderFlac.cpp
  SoundFileReaderOgg.cpp
  SoundFileReaderWav.cpp
  SoundFileWriterFlac.cpp
  SoundFileWriterOgg.cpp
  SoundFileWriterWav.cpp
  Generating Code...
     Creating library D:/workspace/atti/lib/sfml/build-windows-dynamic/lib/Release/sfml-audio.lib and object D:/workspace/atti/lib/sfml/build-windows-dynamic/lib/Release/sfml-audio.exp
  sfml-audio.vcxproj -> D:\workspace\atti\lib\sfml\build-windows-dynamic\lib\Release\sfml-audio-2.dll
